[Tue Jul 27 01:16:18.820 2010] 0.000 sec [ext/3/rel 0 (0,6)] [*] @city Phoenix @statecode AZ
[Thu Jul 29 03:35:20.927 2010] 0.000 sec [ext/3/rel 0 (0,6)] [*] @city Phoenix @statecode AZ
[Tue Aug  3 04:07:09.755 2010] 0.000 sec [ext/3/rel 0 (0,6)] [*] @city Phoenix @statecode AZ
[Sun Aug  8 12:27:15.264 2010] 0.020 sec [ext/3/rel 0 (0,6)] [*] @city Phoenix @statecode AZ
[Sun Aug 29 08:43:20.105 2010] 0.020 sec [ext/3/rel 0 (0,6)] [*] @city Phoenix @statecode AZ
[Thu Sep  2 22:30:26.838 2010] 0.000 sec [ext/3/rel 0 (0,6)] [*] @city Phoenix @statecode AZ
[Sat Sep  4 16:38:22.905 2010] 0.000 sec [ext/3/rel 0 (0,6)] [*] @city Phoenix @statecode AZ
[Sun Sep 12 12:17:40.390 2010] 0.000 sec [ext/3/rel 0 (0,6)] [*] @city Phoenix @statecode AZ
[Sun Sep 12 12:17:41.010 2010] 0.000 sec [ext/3/rel 0 (0,6)] [*] @city Phoenix @statecode AZ
[Thu Nov  4 22:59:50.919 2010] 0.016 sec [ext/3/rel 0 (0,6)] [*] @city Phoenix @statecode AZ
[Mon Nov 15 03:52:31.031 2010] 0.000 sec [ext/3/rel 0 (0,6)] [*] @city Phoenix @statecode AZ
[Wed Nov 17 13:22:54.282 2010] 0.000 sec [ext/3/rel 0 (0,6)] [*] @city Phoenix @statecode AZ
[Sun Nov 21 02:12:47.272 2010] 0.000 sec [ext/3/rel 0 (0,6)] [*] @city Phoenix @statecode AZ
[Wed Nov 24 00:50:23.280 2010] 0.000 sec [ext/3/rel 0 (0,6)] [*] @city Phoenix @statecode AZ
[Tue Dec  7 02:38:17.802 2010] 0.000 sec [ext/3/rel 0 (0,6)] [*] @city Phoenix @statecode AZ
[Wed Dec  8 17:47:55.079 2010] 0.000 sec [ext/3/rel 0 (0,6)] [*] @city Phoenix @statecode AZ
[Mon Feb 28 09:14:06.301 2011] 0.026 sec [ext/3/rel 0 (0,6)] [*] @city Phoenix @statecode AZ
[Fri Mar  4 07:59:26.955 2011] 0.106 sec [ext/3/rel 0 (0,6)] [*] @city Phoenix @statecode AZ
[Thu Mar 17 07:13:11.640 2011] 0.058 sec [ext/3/rel 0 (0,6)] [*] @city Phoenix @statecode AZ
[Sat Apr  2 22:13:47.022 2011] 0.621 sec [ext/3/rel 0 (0,6)] [*] @city Phoenix @statecode AZ
[Sun May  8 10:48:44.138 2011] 0.588 sec [ext/3/rel 0 (0,6)] [*] @city Phoenix @statecode AZ
[Fri May 13 21:16:39.340 2011] 0.106 sec [ext/3/rel 0 (0,6)] [*] @city Phoenix @statecode AZ
[Sat May 28 16:53:05.531 2011] 0.613 sec [ext/3/rel 0 (0,6)] [*] @city Phoenix @statecode AZ
[Wed Jun 15 20:58:27.383 2011] 0.189 sec [ext/3/rel 0 (0,6)] [*] @city Phoenix @statecode AZ
[Sat Jul  2 05:25:08.655 2011] 1.821 sec [ext/3/rel 0 (0,6)] [*] @city Phoenix @statecode AZ
